RimWorld by Ludeon Studios by Ludeon Studios [version: Unity 2019.4.30f1_e8c891080a1f]

UnityPlayer.dll caused a Breakpoint (0x80000003)
  in module UnityPlayer.dll at 0033:a4f342bb.

Error occurred at 2023-10-24_153320.
C:\Program Files (x86)\RimWorld\RimWorldWin64.exe, run by Pelmen.

95% physical memory in use.
16276 MB physical memory [661 MB free].
13523 MB process peak paging file [13182 MB used].
12082 MB process peak working set [11341 MB used].
System Commit Total/Limit/Peak: 18177MB/18322MB/18324MB
System Physical Total/Available: 16276MB/661MB
System Process Count: 188
System Thread Count: 1601
System Handle Count: 68281
Disk space data for 'C:\Users\DELL\AppData\Local\Temp\Ludeon Studios\RimWorld by Ludeon Studios\Crashes\Crash_2023-10-24_123307369\': 127007961088 bytes free of 485239988224 total.


Context:
RDI:    0x0000000000000000  RSI: 0x000000f61b4ee360  RAX:   0x0000000000000000
RBX:    0x000000000000000c  RCX: 0x000002b280000140  RDX:   0x000000000000032f
RIP:    0x00007ffba4f342bb  RBP: 0x000000f61b4ee219  SegCs: 0x0000000000000033
EFlags: 0x0000000000000202  RSP: 0x000000f61b4ee1a0  SegSs: 0x000000000000002b
R8:     0x0000000000000010  R9:  0x00007ffba55ae004  R10:   0x0000000000000000
R11:    0x000000f61b4edf40  R12: 0x0000000000000000  R13:   0x00007ffba55ae004
R14:    0x00007ffba562ca48  R15: 0x0000000000000000


Bytes at CS:EIP:
cc 8b 0d 3e 32 9d 00 ff 15 e8 25 67 00 8b 0d 32 

Mono DLL loaded successfully at 'C:\Program Files (x86)\RimWorld\MonoBleedingEdge\EmbedRuntime\mono-2.0-bdwgc.dll'.


Stack Trace of Crashed Thread 2248:
0x00007FFBA4F342BB (UnityPlayer) UnityMain
0x00007FFBA4F33DCA (UnityPlayer) UnityMain
0x00007FFBA46EF202 (UnityPlayer) UnityMain
0x00007FFBA46ED0CE (UnityPlayer) UnityMain
0x00007FFBA46ECCD3 (UnityPlayer) UnityMain
0x00007FFBA47F4491 (UnityPlayer) UnityMain
0x00007FFBA4AE9097 (UnityPlayer) UnityMain
0x000002B3AFB1A5C9 (UnityEngine.CoreModule) UnityEngine.Texture2D.Compress()
0x000002B3E8729E9B (Assembly-CSharp) Verse.StaticTextureAtlas.Bake()
0x000002B3E8728A5B (Assembly-CSharp) Verse.GlobalTextureAtlasManager.<BakeStaticAtlases>g__FlushBatch|7_0()
0x000002B3E8727F1B (Assembly-CSharp) Verse.GlobalTextureAtlasManager.BakeStaticAtlases()
0x000002B53AD91FE3 (Assembly-CSharp) <>c.<DoPlayLoad>b__4_5()
0x000002B38BC33E2C (Assembly-CSharp) Verse.LongEventHandler.ExecuteToExecuteWhenFinished()
0x000002B38BC3457B (Assembly-CSharp) Verse.LongEventHandler.UpdateCurrentAsynchronousEvent()
0x000002B389B5EAE3 (Assembly-CSharp) Verse.LongEventHandler.LongEventsUpdate()
0x000002B38FA7DF73 (Assembly-CSharp) Verse.Root.Verse.Root.Update_Patch1()
0x000002B389B5D5AB (Assembly-CSharp) Verse.Root_Entry.Update()
0x000002B1BFAAEC30 (mscorlib) System.Object.runtime_invoke_void__this__()
0x00007FFBA3B1E270 (mono-2.0-bdwgc) mono_get_runtime_build_info
0x00007FFBA3AA2AE2 (mono-2.0-bdwgc) mono_perfcounters_init
0x00007FFBA3AABB3F (mono-2.0-bdwgc) mono_runtime_invoke
0x00007FFBA4A3606D (UnityPlayer) UnityMain
0x00007FFBA4A33443 (UnityPlayer) UnityMain
0x00007FFBA4A1C603 (UnityPlayer) UnityMain
0x00007FFBA4A1C6BD (UnityPlayer) UnityMain
0x00007FFBA47A8110 (UnityPlayer) UnityMain
0x00007FFBA48F63C7 (UnityPlayer) UnityMain
0x00007FFBA48F6463 (UnityPlayer) UnityMain
0x00007FFBA48F88BC (UnityPlayer) UnityMain
ERROR: SymGetSymFromAddr64, GetLastError: 'Попытка обращения к неверному адресу.' (Address: 00007FFBA46A751E)
0x00007FFBA46A751E (UnityPlayer) (function-name not available)
ERROR: SymGetSymFromAddr64, GetLastError: 'Попытка обращения к неверному адресу.' (Address: 00007FFBA46A627A)
0x00007FFBA46A627A (UnityPlayer) (function-name not available)
ERROR: SymGetSymFromAddr64, GetLastError: 'Попытка обращения к неверному адресу.' (Address: 00007FFBA46AA32C)
0x00007FFBA46AA32C (UnityPlayer) (function-name not available)
0x00007FFBA46ADE1B (UnityPlayer) UnityMain
ERROR: SymGetSymFromAddr64, GetLastError: 'Попытка обращения к неверному адресу.' (Address: 00007FF7EC7711F2)
0x00007FF7EC7711F2 (RimWorldWin64) (function-name not available)
0x00007FFC07EB7034 (KERNEL32) BaseThreadInitThunk
0x00007FFC086626A1 (ntdll) RtlUserThreadStart

Stacks for Running Threads:

Call Stack for Thread 3264:
0x00007FFC086AD144 (ntdll) NtWaitForSingleObject
0x00007FFC0625306E (KERNELBASE) WaitForSingleObjectEx
0x00007FFBA3A15E7F (mono-2.0-bdwgc) mono_conc_hashtable_remove
0x00007FFBA3B04EED (mono-2.0-bdwgc) mono_gc_reference_queue_new
0x00007FFBA3B03CC5 (mono-2.0-bdwgc) mono_callspec_parse
0x00007FFBA3AC6BD8 (mono-2.0-bdwgc) mono_unity_managed_callstack
0x00007FFBA3AC6966 (mono-2.0-bdwgc) mono_unity_managed_callstack
0x00007FFC07EB7034 (KERNEL32) BaseThreadInitThunk
0x00007FFC086626A1 (ntdll) RtlUserThreadStart


Call Stack for Thread 4064:
0x00007FFC086AD144 (ntdll) NtWaitForSingleObject
0x00007FFC0625306E (KERNELBASE) WaitForSingleObjectEx
0x00007FFBA50247E2 (UnityPlayer) UnityMain
0x00007FFBA48B1680 (UnityPlayer) UnityMain
0x00007FFBA48B2750 (UnityPlayer) UnityMain
0x00007FFBA499EEB8 (UnityPlayer) UnityMain
0x00007FFC07EB7034 (KERNEL32) BaseThreadInitThunk
0x00007FFC086626A1 (ntdll) RtlUserThreadStart


Call Stack for Thread 3716:
0x00007FFC086AD144 (ntdll) NtWaitForSingleObject
0x00007FFC0625306E (KERNELBASE) WaitForSingleObjectEx
0x00007FFBA50247E2 (UnityPlayer) UnityMain
0x00007FFBA48B1680 (UnityPlayer) UnityMain
0x00007FFBA48B2750 (UnityPlayer) UnityMain
0x00007FFBA499EEB8 (UnityPlayer) UnityMain
0x00007FFC07EB7034 (KERNEL32) BaseThreadInitThunk
0x00007FFC086626A1 (ntdll) RtlUserThreadStart


Call Stack for Thread 5440:
0x00007FFC086AD144 (ntdll) NtWaitForSingleObject
0x00007FFC0625306E (KERNELBASE) WaitForSingleObjectEx
0x00007FFBA50247E2 (UnityPlayer) UnityMain
0x00007FFBA48B1680 (UnityPlayer) UnityMain
0x00007FFBA48B2750 (UnityPlayer) UnityMain
0x00007FFBA499EEB8 (UnityPlayer) UnityMain
0x00007FFC07EB7034 (KERNEL32) BaseThreadInitThunk
0x00007FFC086626A1 (ntdll) RtlUserThreadStart


Call Stack for Thread 10448:
0x00007FFC086AD144 (ntdll) NtWaitForSingleObject
0x00007FFC0625306E (KERNELBASE) WaitForSingleObjectEx
0x00007FFBA50247E2 (UnityPlayer) UnityMain
0x00007FFBA48B1680 (UnityPlayer) UnityMain
0x00007FFBA48B2750 (UnityPlayer) UnityMain
0x00007FFBA499EEB8 (UnityPlayer) UnityMain
0x00007FFC07EB7034 (KERNEL32) BaseThreadInitThunk
0x00007FFC086626A1 (ntdll) RtlUserThreadStart


Call Stack for Thread 1236:
0x00007FFC086AD144 (ntdll) NtWaitForSingleObject
0x00007FFC0625306E (KERNELBASE) WaitForSingleObjectEx
0x00007FFBA50247E2 (UnityPlayer) UnityMain
0x00007FFBA48B1680 (UnityPlayer) UnityMain
0x00007FFBA48B2750 (UnityPlayer) UnityMain
0x00007FFBA499EEB8 (UnityPlayer) UnityMain
0x00007FFC07EB7034 (KERNEL32) BaseThreadInitThunk
0x00007FFC086626A1 (ntdll) RtlUserThreadStart


Call Stack for Thread 10032:
0x00007FFC086AD144 (ntdll) NtWaitForSingleObject
0x00007FFC0625306E (KERNELBASE) WaitForSingleObjectEx
0x00007FFBA50247E2 (UnityPlayer) UnityMain
0x00007FFBA48B1680 (UnityPlayer) UnityMain
0x00007FFBA48B2750 (UnityPlayer) UnityMain
0x00007FFBA499EEB8 (UnityPlayer) UnityMain
0x00007FFC07EB7034 (KERNEL32) BaseThreadInitThunk
0x00007FFC086626A1 (ntdll) RtlUserThreadStart


Call Stack for Thread 8928:
0x00007FFC086AD144 (ntdll) NtWaitForSingleObject
0x00007FFC0625306E (KERNELBASE) WaitForSingleObjectEx
0x00007FFBA50247E2 (UnityPlayer) UnityMain
0x00007FFBA48B1680 (UnityPlayer) UnityMain
0x00007FFBA48B2750 (UnityPlayer) UnityMain
0x00007FFBA499EEB8 (UnityPlayer) UnityMain
0x00007FFC07EB7034 (KERNEL32) BaseThreadInitThunk
0x00007FFC086626A1 (ntdll) RtlUserThreadStart


Call Stack for Thread 3944:
0x00007FFC086AD144 (ntdll) NtWaitForSingleObject
0x00007FFC0625306E (KERNELBASE) WaitForSingleObjectEx
0x00007FFBA50247E2 (UnityPlayer) UnityMain
0x00007FFBA48B1680 (UnityPlayer) UnityMain
0x00007FFBA48B2750 (UnityPlayer) UnityMain
0x00007FFBA499EEB8 (UnityPlayer) UnityMain
0x00007FFC07EB7034 (KERNEL32) BaseThreadInitThunk
0x00007FFC086626A1 (ntdll) RtlUserThreadStart


Call Stack for Thread 3028:
0x00007FFC086AD144 (ntdll) NtWaitForSingleObject
0x00007FFC0625306E (KERNELBASE) WaitForSingleObjectEx
0x00007FFBA50247E2 (UnityPlayer) UnityMain
0x00007FFBA48B1680 (UnityPlayer) UnityMain
0x00007FFBA48B2750 (UnityPlayer) UnityMain
0x00007FFBA499EEB8 (UnityPlayer) UnityMain
0x00007FFC07EB7034 (KERNEL32) BaseThreadInitThunk
0x00007FFC086626A1 (ntdll) RtlUserThreadStart


Call Stack for Thread 5368:
0x00007FFC086AD144 (ntdll) NtWaitForSingleObject
0x00007FFC0625306E (KERNELBASE) WaitForSingleObjectEx
0x00007FFBA50247E2 (UnityPlayer) UnityMain
0x00007FFBA48B1680 (UnityPlayer) UnityMain
0x00007FFBA48B2750 (UnityPlayer) UnityMain
0x00007FFBA499EEB8 (UnityPlayer) UnityMain
0x00007FFC07EB7034 (KERNEL32) BaseThreadInitThunk
0x00007FFC086626A1 (ntdll) RtlUserThreadStart


Call Stack for Thread 2340:
0x00007FFC086AD144 (ntdll) NtWaitForSingleObject
0x00007FFC0625306E (KERNELBASE) WaitForSingleObjectEx
0x00007FFBA50247E2 (UnityPlayer) UnityMain
0x00007FFBA48B1680 (UnityPlayer) UnityMain
0x00007FFBA48B2750 (UnityPlayer) UnityMain
0x00007FFBA499EEB8 (UnityPlayer) UnityMain
0x00007FFC07EB7034 (KERNEL32) BaseThreadInitThunk
0x00007FFC086626A1 (ntdll) RtlUserThreadStart


Call Stack for Thread 1668:
0x00007FFC086AD144 (ntdll) NtWaitForSingleObject
0x00007FFC0625306E (KERNELBASE) WaitForSingleObjectEx
0x00007FFBA50247E2 (UnityPlayer) UnityMain
0x00007FFBA48B1680 (UnityPlayer) UnityMain
0x00007FFBA48B2750 (UnityPlayer) UnityMain
0x00007FFBA499EEB8 (UnityPlayer) UnityMain
0x00007FFC07EB7034 (KERNEL32) BaseThreadInitThunk
0x00007FFC086626A1 (ntdll) RtlUserThreadStart


Call Stack for Thread 1584:
0x00007FFC086AD144 (ntdll) NtWaitForSingleObject
0x00007FFC0625306E (KERNELBASE) WaitForSingleObjectEx
0x00007FFBA50247E2 (UnityPlayer) UnityMain
0x00007FFBA48B1680 (UnityPlayer) UnityMain
0x00007FFBA48B2750 (UnityPlayer) UnityMain
0x00007FFBA499EEB8 (UnityPlayer) UnityMain
0x00007FFC07EB7034 (KERNEL32) BaseThreadInitThunk
0x00007FFC086626A1 (ntdll) RtlUserThreadStart


Call Stack for Thread 6456:
0x00007FFC086AD144 (ntdll) NtWaitForSingleObject
0x00007FFC0625306E (KERNELBASE) WaitForSingleObjectEx
0x00007FFBA50247E2 (UnityPlayer) UnityMain
0x00007FFBA48B1680 (UnityPlayer) UnityMain
0x00007FFBA48B2750 (UnityPlayer) UnityMain
0x00007FFBA499EEB8 (UnityPlayer) UnityMain
0x00007FFC07EB7034 (KERNEL32) BaseThreadInitThunk
0x00007FFC086626A1 (ntdll) RtlUserThreadStart


Call Stack for Thread 8476:
0x00007FFC086AD144 (ntdll) NtWaitForSingleObject
0x00007FFC0625306E (KERNELBASE) WaitForSingleObjectEx
0x00007FFBA50247E2 (UnityPlayer) UnityMain
0x00007FFBA48B1680 (UnityPlayer) UnityMain
0x00007FFBA48B2750 (UnityPlayer) UnityMain
0x00007FFBA499EEB8 (UnityPlayer) UnityMain
0x00007FFC07EB7034 (KERNEL32) BaseThreadInitThunk
0x00007FFC086626A1 (ntdll) RtlUserThreadStart


Call Stack for Thread 2488:
0x00007FFC086AD144 (ntdll) NtWaitForSingleObject
0x00007FFC0625306E (KERNELBASE) WaitForSingleObjectEx
0x00007FFBA50247E2 (UnityPlayer) UnityMain
0x00007FFBA48B1680 (UnityPlayer) UnityMain
0x00007FFBA48B2750 (UnityPlayer) UnityMain
0x00007FFBA499EEB8 (UnityPlayer) UnityMain
0x00007FFC07EB7034 (KERNEL32) BaseThreadInitThunk
0x00007FFC086626A1 (ntdll) RtlUserThreadStart


Call Stack for Thread 10348:
0x00007FFC086AD144 (ntdll) NtWaitForSingleObject
0x00007FFC0625306E (KERNELBASE) WaitForSingleObjectEx
0x00007FFBA50247E2 (UnityPlayer) UnityMain
0x00007FFBA48B1680 (UnityPlayer) UnityMain
0x00007FFBA48B2750 (UnityPlayer) UnityMain
0x00007FFBA499EEB8 (UnityPlayer) UnityMain
0x00007FFC07EB7034 (KERNEL32) BaseThreadInitThunk
0x00007FFC086626A1 (ntdll) RtlUserThreadStart


Call Stack for Thread 1328:
0x00007FFC086AD144 (ntdll) NtWaitForSingleObject
0x00007FFC0625306E (KERNELBASE) WaitForSingleObjectEx
0x00007FFBA50247E2 (UnityPlayer) UnityMain
0x00007FFBA48B1680 (UnityPlayer) UnityMain
0x00007FFBA48B2750 (UnityPlayer) UnityMain
0x00007FFBA499EEB8 (UnityPlayer) UnityMain
0x00007FFC07EB7034 (KERNEL32) BaseThreadInitThunk
0x00007FFC086626A1 (ntdll) RtlUserThreadStart


Call Stack for Thread 6024:
0x00007FFC086AD144 (ntdll) NtWaitForSingleObject
0x00007FFC0625306E (KERNELBASE) WaitForSingleObjectEx
0x00007FFBA50247E2 (UnityPlayer) UnityMain
0x00007FFBA48B1680 (UnityPlayer) UnityMain
0x00007FFBA48B2750 (UnityPlayer) UnityMain
0x00007FFBA499EEB8 (UnityPlayer) UnityMain
0x00007FFC07EB7034 (KERNEL32) BaseThreadInitThunk
0x00007FFC086626A1 (ntdll) RtlUserThreadStart


Call Stack for Thread 9156:
0x00007FFC086AD144 (ntdll) NtWaitForSingleObject
0x00007FFC0625306E (KERNELBASE) WaitForSingleObjectEx
0x00007FFBA50247E2 (UnityPlayer) UnityMain
0x00007FFBA499FF2A (UnityPlayer) UnityMain
0x00007FFBA48F55AC (UnityPlayer) UnityMain
0x00007FFBA499EEB8 (UnityPlayer) UnityMain
0x00007FFC07EB7034 (KERNEL32) BaseThreadInitThunk
0x00007FFC086626A1 (ntdll) RtlUserThreadStart


Call Stack for Thread 1288:
0x00007FFC086AD144 (ntdll) NtWaitForSingleObject
0x00007FFC0625306E (KERNELBASE) WaitForSingleObjectEx
0x00007FFBA50247E2 (UnityPlayer) UnityMain
0x00007FFBA47A7EBD (UnityPlayer) UnityMain
0x00007FFBA499EEB8 (UnityPlayer) UnityMain
0x00007FFC07EB7034 (KERNEL32) BaseThreadInitThunk
0x00007FFC086626A1 (ntdll) RtlUserThreadStart


Call Stack for Thread 7120:
0x00007FFC086ADC14 (ntdll) ZwWaitForMultipleObjects
0x00007FFC06280460 (KERNELBASE) WaitForMultipleObjectsEx
0x00007FFC08003816 (combase) InternalTlsAllocData
0x00007FFC08003690 (combase) InternalTlsAllocData
0x00007FFC080034A0 (combase) InternalTlsAllocData
0x00007FFC08003429 (combase) InternalTlsAllocData
0x00007FFC07EB7034 (KERNEL32) BaseThreadInitThunk
0x00007FFC086626A1 (ntdll) RtlUserThreadStart


Call Stack for Thread 10420:
0x00007FFBFA6ECA18 (igdgmm64) GmmLib::GmmPageTableMgr::GetLibContext
0x00007FFBFA6C2770 (igdgmm64) GmmLib::GmmPageTableMgr::GetLibContext
0x00007FFBFB616E8A (igd10um64gen11) OpenAdapter10_2
0x00007FFBFB60559F (igd10um64gen11) OpenAdapter10_2
0x00007FFBFB50F7B0 (igd10um64gen11) OpenAdapter10_2
0x00007FFBFB87509E (igd10um64gen11) GTPin_Init
0x00007FFC01399753 (d3d11) D3D11CoreCreateDevice
0x00007FFC013992F3 (d3d11) D3D11CoreCreateDevice
0x00007FFC013F03D7 (d3d11) D3DKMTWaitForVerticalBlankEvent
0x00007FFC0139D197 (d3d11) D3D11CoreCreateDevice
0x00007FFC013A3589 (d3d11) D3D11CoreCreateDevice
0x00007FFC013A3670 (d3d11) D3D11CoreCreateDevice
0x00007FFC013A3A61 (d3d11) D3D11CoreCreateDevice
0x00007FFC013A3FFC (d3d11) D3D11CoreCreateDevice
0x00007FFC0138D894 (d3d11) D3D11CoreCreateDevice
0x00007FFC0138D337 (d3d11) D3D11CoreCreateDevice
ERROR: SymGetSymFromAddr64, GetLastError: 'Попытка обращения к неверному адресу.' (Address: 00007FFBA45BC5E7)
0x00007FFBA45BC5E7 (UnityPlayer) (function-name not available)
ERROR: SymGetSymFromAddr64, GetLastError: 'Попытка обращения к неверному адресу.' (Address: 00007FFBA45C146B)
0x00007FFBA45C146B (UnityPlayer) (function-name not available)
ERROR: SymGetSymFromAddr64, GetLastError: 'Попытка обращения к неверному адресу.' (Address: 00007FFBA45BA1EA)
0x00007FFBA45BA1EA (UnityPlayer) (function-name not available)
ERROR: SymGetSymFromAddr64, GetLastError: 'Попытка обращения к неверному адресу.' (Address: 00007FFBA4667E1B)
0x00007FFBA4667E1B (UnityPlayer) (function-name not available)
ERROR: SymGetSymFromAddr64, GetLastError: 'Попытка обращения к неверному адресу.' (Address: 00007FFBA466F94D)
0x00007FFBA466F94D (UnityPlayer) (function-name not available)
ERROR: SymGetSymFromAddr64, GetLastError: 'Попытка обращения к неверному адресу.' (Address: 00007FFBA466FA28)
0x00007FFBA466FA28 (UnityPlayer) (function-name not available)
0x00007FFBA499EEB8 (UnityPlayer) UnityMain
0x00007FFC07EB7034 (KERNEL32) BaseThreadInitThunk
0x00007FFC086626A1 (ntdll) RtlUserThreadStart


Call Stack for Thread 2752:
0x00007FFC086AD144 (ntdll) NtWaitForSingleObject
0x00007FFC0625306E (KERNELBASE) WaitForSingleObjectEx
0x00007FFBA514186A (UnityPlayer) UnityMain
0x00007FFBA51417BE (UnityPlayer) UnityMain
0x00007FFBA50CF5A6 (UnityPlayer) UnityMain
0x00007FFBA557D340 (UnityPlayer) UnityMain
0x00007FFC07EB7034 (KERNEL32) BaseThreadInitThunk
0x00007FFC086626A1 (ntdll) RtlUserThreadStart


Call Stack for Thread 10456:
0x00007FFC086AD144 (ntdll) NtWaitForSingleObject
0x00007FFC0625306E (KERNELBASE) WaitForSingleObjectEx
0x00007FFBA5123F95 (UnityPlayer) UnityMain
0x00007FFBA50CD87A (UnityPlayer) UnityMain
0x00007FFBA50CF571 (UnityPlayer) UnityMain
0x00007FFBA557D340 (UnityPlayer) UnityMain
0x00007FFC07EB7034 (KERNEL32) BaseThreadInitThunk
0x00007FFC086626A1 (ntdll) RtlUserThreadStart


Call Stack for Thread 10820:
0x00007FFC086AD744 (ntdll) NtDelayExecution
0x00007FFC0627B03E (KERNELBASE) SleepEx
0x00007FFBA50CDA2A (UnityPlayer) UnityMain
0x00007FFBA50CF5D4 (UnityPlayer) UnityMain
0x00007FFBA557D340 (UnityPlayer) UnityMain
0x00007FFC07EB7034 (KERNEL32) BaseThreadInitThunk
0x00007FFC086626A1 (ntdll) RtlUserThreadStart


Call Stack for Thread 7580:
0x00007FFC086AD144 (ntdll) NtWaitForSingleObject
0x00007FFC0625306E (KERNELBASE) WaitForSingleObjectEx
0x00007FFBA50247E2 (UnityPlayer) UnityMain
0x00007FFBA490DEAA (UnityPlayer) UnityMain
0x00007FFBA490E029 (UnityPlayer) UnityMain
0x00007FFBA499EEB8 (UnityPlayer) UnityMain
0x00007FFC07EB7034 (KERNEL32) BaseThreadInitThunk
0x00007FFC086626A1 (ntdll) RtlUserThreadStart


Call Stack for Thread 5888:
0x00007FFC086AD1E4 (ntdll) NtRemoveIoCompletion
ERROR: SymGetSymFromAddr64, GetLastError: 'Попытка обращения к неверному адресу.' (Address: 00007FFC053710AB)
0x00007FFC053710AB (mswsock) (function-name not available)
0x00007FFC07EB7034 (KERNEL32) BaseThreadInitThunk
0x00007FFC086626A1 (ntdll) RtlUserThreadStart


Call Stack for Thread 11008:
0x00007FFC086B0B14 (ntdll) ZwWaitForWorkViaWorkerFactory
0x00007FFC08662E17 (ntdll) TpReleaseCleanupGroupMembers
0x00007FFC07EB7034 (KERNEL32) BaseThreadInitThunk
0x00007FFC086626A1 (ntdll) RtlUserThreadStart


Call Stack for Thread 1880:
0x00007FFC086B0B14 (ntdll) ZwWaitForWorkViaWorkerFactory
0x00007FFC08662E17 (ntdll) TpReleaseCleanupGroupMembers
0x00007FFC07EB7034 (KERNEL32) BaseThreadInitThunk
0x00007FFC086626A1 (ntdll) RtlUserThreadStart


Call Stack for Thread 10368:
0x00007FFC086B0AB4 (ntdll) ZwWaitForAlertByThreadId
0x00007FFC086743A5 (ntdll) RtlSleepConditionVariableCS
0x00007FFC0629DA49 (KERNELBASE) SleepConditionVariableCS
0x00007FFBA3A1111C (mono-2.0-bdwgc) mono_threads_attach_tools_thread
0x00007FFBA3ACB841 (mono-2.0-bdwgc) mono_unity_managed_callstack
0x00007FFBA3AC6BD8 (mono-2.0-bdwgc) mono_unity_managed_callstack
0x00007FFBA3AC6966 (mono-2.0-bdwgc) mono_unity_managed_callstack
0x00007FFC07EB7034 (KERNEL32) BaseThreadInitThunk
0x00007FFC086626A1 (ntdll) RtlUserThreadStart


Call Stack for Thread 3872:
0x00007FFC086B0AB4 (ntdll) ZwWaitForAlertByThreadId
0x00007FFC086743A5 (ntdll) RtlSleepConditionVariableCS
0x00007FFC0629DA49 (KERNELBASE) SleepConditionVariableCS
0x00007FFBA3ACC647 (mono-2.0-bdwgc) mono_unity_managed_callstack
0x00007FFBA3ACC9F8 (mono-2.0-bdwgc) mono_unity_managed_callstack
0x00007FFBA3AC6BD8 (mono-2.0-bdwgc) mono_unity_managed_callstack
0x00007FFBA3AC6966 (mono-2.0-bdwgc) mono_unity_managed_callstack
0x00007FFC07EB7034 (KERNEL32) BaseThreadInitThunk
0x00007FFC086626A1 (ntdll) RtlUserThreadStart


Call Stack for Thread 10784:
0x00007FFC086B0AB4 (ntdll) ZwWaitForAlertByThreadId
0x00007FFC086743A5 (ntdll) RtlSleepConditionVariableCS
0x00007FFC0629DA49 (KERNELBASE) SleepConditionVariableCS
0x00007FFBA3ACC647 (mono-2.0-bdwgc) mono_unity_managed_callstack
0x00007FFBA3ACC9F8 (mono-2.0-bdwgc) mono_unity_managed_callstack
0x00007FFBA3AC6BD8 (mono-2.0-bdwgc) mono_unity_managed_callstack
0x00007FFBA3AC6966 (mono-2.0-bdwgc) mono_unity_managed_callstack
0x00007FFC07EB7034 (KERNEL32) BaseThreadInitThunk
0x00007FFC086626A1 (ntdll) RtlUserThreadStart


Call Stack for Thread 2868:
0x00007FFC086B0AB4 (ntdll) ZwWaitForAlertByThreadId
0x00007FFC086743A5 (ntdll) RtlSleepConditionVariableCS
0x00007FFC0629DA49 (KERNELBASE) SleepConditionVariableCS
0x00007FFBA3ACC647 (mono-2.0-bdwgc) mono_unity_managed_callstack
0x00007FFBA3ACC9F8 (mono-2.0-bdwgc) mono_unity_managed_callstack
0x00007FFBA3AC6BD8 (mono-2.0-bdwgc) mono_unity_managed_callstack
0x00007FFBA3AC6966 (mono-2.0-bdwgc) mono_unity_managed_callstack
0x00007FFC07EB7034 (KERNEL32) BaseThreadInitThunk
0x00007FFC086626A1 (ntdll) RtlUserThreadStart


Call Stack for Thread 10212:
0x00007FFC086B0AB4 (ntdll) ZwWaitForAlertByThreadId
0x00007FFC086743A5 (ntdll) RtlSleepConditionVariableCS
0x00007FFC0629DA49 (KERNELBASE) SleepConditionVariableCS
0x00007FFBA3ACC647 (mono-2.0-bdwgc) mono_unity_managed_callstack
0x00007FFBA3ACC9F8 (mono-2.0-bdwgc) mono_unity_managed_callstack
0x00007FFBA3AC6BD8 (mono-2.0-bdwgc) mono_unity_managed_callstack
0x00007FFBA3AC6966 (mono-2.0-bdwgc) mono_unity_managed_callstack
0x00007FFC07EB7034 (KERNEL32) BaseThreadInitThunk
0x00007FFC086626A1 (ntdll) RtlUserThreadStart


Call Stack for Thread 9988:
0x00007FFC086B0B14 (ntdll) ZwWaitForWorkViaWorkerFactory
0x00007FFC08662E17 (ntdll) TpReleaseCleanupGroupMembers
0x00007FFC07EB7034 (KERNEL32) BaseThreadInitThunk
0x00007FFC086626A1 (ntdll) RtlUserThreadStart




Stack Memory [0x000000F61B4EE1A0-0x000000F61B500000]:
0x1b4ee1a0: 0000032e 00000000 1b4ee219 000000f6 ..........N.....
0x1b4ee1b0: 1b4ee360 000000f6 a55ae004 00007ffb `.N.......Z.....
0x1b4ee1c0: 000005e3 0000033c a5650774 00007ffb ....<...t.e.....
0x1b4ee1d0: 60008020 000002b2 0000032e 00000000  ..`............
0x1b4ee1e0: 0000032e 00000000 0000032e 00000000 ................
0x1b4ee1f0: 00000001 00007ffb 00000000 00000000 ................
0x1b4ee200: ff000a0d 00000000 000000c0 00000000 ................
0x1b4ee210: 00000002 00000000 00000049 00007ffb ........I.......
0x1b4ee220: 00000000 00000000 a46e000a 00007ffb ..........n.....
0x1b4ee230: 00000003 00000000 00000001 00000000 ................
0x1b4ee240: 00000049 00000000 a562ca48 00007ffb I.......H.b.....
0x1b4ee250: a562ca48 00007ffb 00000010 00000000 H.b.............
0x1b4ee260: 15555554 00000000 00007f53 00000000 TUU.....S.......
0x1b4ee270: 1b4ee380 000000f6 a4f33dca 00007ffb ..N......=......
0x1b4ee280: 9e1dc5d0 000002b1 0000000c 00000000 ................
0x1b4ee290: 00000000 00000000 a55ae004 00007ffb ..........Z.....
0x1b4ee2a0: 9e19c340 000002b1 1b4ee3c8 000000f6 @.........N.....
0x1b4ee2b0: 1b4ee2f8 000000f6 1b4ee3c8 000000f6 ..N.......N.....
0x1b4ee2c0: 00000000 00000000 a557f800 00007ffb ..........W.....
0x1b4ee2d0: 9e19c340 000002b1 00000000 00000000 @...............
0x1b4ee2e0: 00000001 000000f6 00000000 00000000 ................
0x1b4ee2f0: a592f100 00007ffb a557fa05 00007ffb ..........W.....
0x1b4ee300: 00000000 00000000 00000001 000000f6 ................
0x1b4ee310: 00000000 00000000 1b4ee300 000000f6 ..........N.....
0x1b4ee320: 9e19c340 000002b1 00000000 00000000 @...............
0x1b4ee330: 00000001 00007ffb a4f34f1b 00007ffb .........O......
0x1b4ee340: 9e19c340 000002b1 9e19c340 000002b1 @.......@.......
0x1b4ee350: 9e19c340 000002b1 1b4ee348 000000f6 @.......H.N.....
0x1b4ee360: 60000010 000002b2 a55ae004 00007ffb ...`......Z.....
0x1b4ee370: 1b4ee2c8 000000f6 1b4ee2f0 000000f6 ..N.......N.....
0x1b4ee380: a55ae004 00007ffb 000005e3 ffffffff ..Z.............
0x1b4ee390: 00008011 00000000 00000000 00000000 ................
0x1b4ee3a0: 00000000 00000000 a5023501 00007ffb .........5......
0x1b4ee3b0: 1b4ee4c0 000000f6 a46ef202 00007ffb ..N.......n.....
0x1b4ee3c0: 0000000c 00000000 00007f53 00000000 ........S.......
0x1b4ee3d0: 60000010 000002b2 0000000a 00000000 ...`............
0x1b4ee3e0: 00000010 00000000 a5647e18 00007ffb .........~d.....
0x1b4ee3f0: 00000000 000000f6 a562ca48 00007ffb ........H.b.....
0x1b4ee400: 60000010 000002b2 a55ae004 00007ffb ...`......Z.....
0x1b4ee410: a55ae004 00007ffb a55ae004 00007ffb ..Z.......Z.....
0x1b4ee420: a55ae004 00007ffb 000005e3 ffffffff ..Z.............
0x1b4ee430: 00008011 00000000 00000000 00000000 ................
0x1b4ee440: 00000000 00000000 a5023501 00007ffb .........5......
0x1b4ee450: 1b4ee4d0 000000f6 15556000 00000000 ..N......`U.....
0x1b4ee460: 00000000 00007ffb 00000023 00000000 ........#.......
0x1b4ee470: 00000010 00000000 00000006 00000000 ................
0x1b4ee480: 00000010 00000000 a46ed01c 00007ffb ..........n.....
0x1b4ee490: 00000010 00000000 a46ed271 00007ffb ........q.n.....
0x1b4ee4a0: 15556000 00000000 a594c7a0 00007ffb .`U.............
0x1b4ee4b0: 15556000 00000000 a593fa40 00007ffb .`U.....@.......
0x1b4ee4c0: 1b4ee4d0 000000f6 1fe45380 000002b3 ..N......S......
0x1b4ee4d0: 01000000 00007f01 000005af 00000000 ................
0x1b4ee4e0: 00000000 00000000 00000000 00000000 ................
0x1b4ee4f0: 00000000 00000000 00000000 00007ffb ................
0x1b4ee500: 00000010 00000000 fa8274a0 000002b3 .........t......
0x1b4ee510: a4ffd000 000002b6 1b4ee620 000000f6 ........ .N.....
0x1b4ee520: 00000000 00000000 a46f4461 00007ffb ........aDo.....
0x1b4ee530: 80001000 000002b7 a4f5dce5 00007ffb ................
0x1b4ee540: 15800000 00000000 a4f5e1bc 00007ffb ................
0x1b4ee550: a594c8c0 00007ffb 00000010 00000000 ................
0x1b4ee560: 5286b7f0 000002b6 00000000 00000000 ...R............
0x1b4ee570: a594c7a0 00007ffb a46f2d6e 00007ffb ........n-o.....
0x1b4ee580: 15556000 00000000 15800000 00000000 .`U.............
0x1b4ee590: 15555554 00000000 a4f5dce5 00007ffb TUU.............
0x1b4ee5a0: 00000010 00000000 65797f53 000002b3 ........S.ye....
0x1b4ee5b0: 00000030 00000000 a4f5dce5 00007ffb 0...............
0x1b4ee5c0: 00000010 00000000 a46f2e9c 00007ffb ..........o.....
0x1b4ee5d0: a594c7a0 00007ffb 00000030 00000000 ........0.......
0x1b4ee5e0: 5286b8b0 000002b6 a49a0a73 00007ffb ...R....s.......
0x1b4ee5f0: a594c7a0 00007ffb 00000030 00000000 ........0.......
0x1b4ee600: fefcf280 000002b3 a49a01a2 00007ffb ................
0x1b4ee610: 00000000 00000000 a49a0a73 00007ffb ........s.......
0x1b4ee620: 00000010 00000000 00000004 00000000 ................
0x1b4ee630: fa8274a0 000002b3 a594c7a0 00007ffb .t..............
0x1b4ee640: a594cb20 00007ffb a49a01a2 00007ffb  ...............
0x1b4ee650: 00000010 00000000 a593b9c0 00007ffb ................
0x1b4ee660: 00000001 00000000 00000000 00000000 ................
0x1b4ee670: 15555554 00000000 a46ed0ce 00007ffb TUU.......n.....
0x1b4ee680: 0000000c 00000000 0000000c 00000000 ................
0x1b4ee690: a593b8a0 00007ffb a4ffd000 000002b6 ................
0x1b4ee6a0: 00000000 000002b3 a594c7a0 00007ffb ................
0x1b4ee6b0: a594cb20 00007ffb a46f090a 00007ffb  .........o.....
0x1b4ee6c0: 9e23f0c0 000002b1 00002000 00000000 ..#...... ......
0x1b4ee6d0: 00000001 00000000 1b4ee840 000000f6 ........@.N.....
0x1b4ee6e0: 15555554 00000000 a46eccd3 00007ffb TUU.......n.....
0x1b4ee6f0: 00000000 00000000 fa8274a0 000002b3 .........t......
0x1b4ee700: 00000004 00000000 00000000 00000000 ................
0x1b4ee710: 00000000 00000000 a562ca48 00007ffb ........H.b.....
0x1b4ee720: 00000000 00000000 fa8274a0 000002b3 .........t......
0x1b4ee730: 8f00f460 000002b2 a47f4491 00007ffb `........D......
0x1b4ee740: 8f00f460 000002b2 1b4ee840 000000f6 `.......@.N.....
0x1b4ee750: 00000000 00000000 a3cfd5bc 00007ffb ................
0x1b4ee760: a593b8a0 00007ffb a55ae004 00007ffb ..........Z.....
0x1b4ee770: 000003e6 00000000 00000030 00000000 ........0.......
0x1b4ee780: 1fb41c70 000002b4 bfaa11d4 000002b1 p...............
0x1b4ee790: 00000000 00002000 1fb41c70 000002b4 ..... ..p.......
0x1b4ee7a0: 00000022 00000000 a47a1e14 00007ffb ".........z.....
0x1b4ee7b0: 9e233a30 000002b1 1b4ee800 000000f6 0:#.......N.....
0x1b4ee7c0: 1b4ee790 000000f6 000003e6 00000000 ..N.............
0x1b4ee7d0: ffffffff ffffffff 4d2fb2c0 000002b6 ........../M....
0x1b4ee7e0: 00000001 00000000 00000786 00000000 ................
0x1b4ee7f0: 5d921500 00000000 fa8274a0 000002b3 ...].....t......
0x1b4ee800: 1b4ee840 000000f6 bfaa114b 000002b1 @.N.....K.......
0x1b4ee810: 00000000 00000000 a52791a0 000002b6 ..........'.....
0x1b4ee820: a4ffd000 000002b6 9e23f0c0 000002b1 ..........#.....
0x1b4ee830: 80e54940 000002b1 9e23f0c0 000002b1 @I........#.....
0x1b4ee840: a4ffd000 000002b6 a4fa2d80 000002b6 .........-......
0x1b4ee850: fa8274a0 000002b3 a50eb7c0 000002b6 .t..............
0x1b4ee860: 00000000 00000000 00000001 00000000 ................
0x1b4ee870: 1b4ee950 000000f6 a4ae9097 00007ffb P.N.............
0x1b4ee880: a5279101 000002b6 80e54901 000002b1 ..'......I......
0x1b4ee890: 00000004 00000000 00002000 00000000 ......... ......
0x1b4ee8a0: 00000000 00000000 89b59f03 000002b3 ................
0x1b4ee8b0: a52791a0 000002b6 000003e5 00000000 ..'.............
0x1b4ee8c0: a50eb7c0 000002b6 00000001 00000000 ................
0x1b4ee8d0: 000003e6 00000000 afb1a5c9 000002b3 ................
0x1b4ee8e0: a50eb7c0 000002b6 000003e6 00000000 ................
0x1b4ee8f0: a50eb7c0 000002b6 a50eb7c0 000002b6 ................
0x1b4ee900: 9e233a30 000002b1 1b4ee950 000000f6 0:#.....P.N.....
0x1b4ee910: 1b4ee8e0 000000f6 000003e6 00000000 ..N.............
0x1b4ee920: 4d462ea0 000002b6 13d8d640 000002b6 ..FM....@.......
0x1b4ee930: fa8274a0 000002b3 a4fa2d80 000002b6 .t.......-......
0x1b4ee940: a4ffd000 000002b6 a5095000 000002b6 .........P......
0x1b4ee950: 1b4eebd0 000000f6 e8729e9b 000002b3 ..N.......r.....
0x1b4ee960: 1b4ef530 000000f6 a3aaf4b0 00007ffb 0.N.............
0x1b4ee970: 00000400 00000000 1b4ef530 000000f6 ........0.N.....
0x1b4ee980: 00000000 00000000 1b4ee9d0 000000f6 ..........N.....
0x1b4ee990: 00000000 000000f6 00000000 00000000 ................
0x1b4ee9a0: 1b867f00 000002b4 4cc99e80 000002b6 ...........L....
0x1b4ee9b0: 4d462ea0 000002b6 1b867f00 000002b4 ..FM............
0x1b4ee9c0: a50eb7c0 000002b6 fefcf2d0 000002b3 ................
0x1b4ee9d0: fefcf2d0 000002b3 fefcf2d0 000002b3 ................
0x1b4ee9e0: fefcf2d0 000002b3 fffeb018 ffffffff ................
0x1b4ee9f0: 4d2fb2c0 000002b6 fa8274a0 000002b3 ../M.....t......
0x1b4eea00: 4d2fb2c0 000002b6 1b4ef530 000000f6 ../M....0.N.....
0x1b4eea10: 00000400 00000000 bfaa11d4 000002b1 ................
0x1b4eea20: 1b4ef5a0 000000f6 88bbfd20 000002b3 ..N..... .......
0x1b4eea30: 1b4ef530 000000f6 00000400 00000000 0.N.............
0x1b4eea40: 9e233a30 000002b1 1b4eea90 000000f6 0:#.......N.....
0x1b4eea50: 1b4eea20 000000f6 1b4ef530 000000f6  .N.....0.N.....
0x1b4eea60: fa8274a0 000002b3 a501df50 000002b6 .t......P.......
0x1b4eea70: 1b4ef5a0 000000f6 000003e6 000002b3 ..N.............
0x1b4eea80: a52791a0 000002b6 000003e7 000002b6 ..'.............
0x1b4eea90: 1b4eead0 000000f6 bfaa114b 000002b1 ..N.....K.......
0x1b4eeaa0: 00000000 00000000 1b867f00 000002b4 ................
0x1b4eeab0: 00000000 00000000 00000000 00000000 ................
0x1b4eeac0: 00000000 00000000 00000000 00000000 ................
0x1b4eead0: 00000000 00000000 00000000 00000000 ................
0x1b4eeae0: 00000000 00000000 00000000 00000000 ................
0x1b4eeaf0: 00000000 00000000 00000000 00000000 ................
0x1b4eeb00: 00000000 00000000 00000000 00000000 ................
0x1b4eeb10: 00000000 00000000 1b4ef530 000000f6 ........0.N.....
0x1b4eeb20: 00000000 00000000 fa8274a0 000002b3 .........t......
0x1b4eeb30: 3f540000 3f008800 3c800000 3c800000 ..T?...?...<...<
0x1b4eeb40: 3f540000 3f008800 3c800000 3c800000 ..T?...?...<...<
0x1b4eeb50: 3f540000 3f008800 3c800000 3c800000 ..T?...?...<...<
0x1b4eeb60: fa8274a0 000002b3 fa8274a0 000002b3 .t.......t......
0x1b4eeb70: 166843b0 000002b6 1b4eec30 000000f6 .Ch.....0.N.....
0x1b4eeb80: 1b4eebd0 000000f6 bfaadce3 000002b1 ..N.............
0x1b4eeb90: f5394060 000002b3 1b4ef530 000000f6 `@9.....0.N.....
0x1b4eeba0: 1b4eecf8 000000f6 fa8274a0 000002b3 ..N......t......
0x1b4eebb0: 1b4ef5a0 000000f6 88bbfd20 000002b3 ..N..... .......
0x1b4eebc0: 1b4ef530 000000f6 13d8d640 000002b6 0.N.....@.......
0x1b4eebd0: 1b4eec80 000000f6 e8728a5b 000002b3 ..N.....[.r.....
0x1b4eebe0: 1b4eec10 000000f6 e872877b 000002b3 ..N.....{.r.....
0x1b4eebf0: 9e233a30 000002b1 1b4eec40 000000f6 0:#.....@.N.....
0x1b4eec00: 1b4eebd0 000000f6 13d8d640 000002b6 ..N.....@.......
0x1b4eec10: 00000000 00000000 1b4eec30 000000f6 ........0.N.....
0x1b4eec20: 00000000 00000000 00000000 00000000 ................
0x1b4eec30: f5394060 000002b3 000003e8 00001126 `@9.........&...
0x1b4eec40: 00000000 00000000 00000000 00000000 ................
0x1b4eec50: 00000000 000003e7 00000000 00000000 ................
0x1b4eec60: 1b4eebd0 000000f6 fa8274a0 000002b3 ..N......t......
0x1b4eec70: 00004000 00000000 00000001 00000000 .@..............
0x1b4eec80: 1b4eedc0 000000f6 e8727f1b 000002b3 ..N.......r.....
0x1b4eec90: 00000000 00000000 00000000 00000000 ................
0x1b4eeca0: 00000000 00000000 00000000 00000000 ................
0x1b4eecb0: 00000000 00000000 fcd7df60 000002b3 ........`.......
0x1b4eecc0: 1b4eecf8 000000f6 00000080 00000000 ..N.............
0x1b4eecd0: 02b21ccc 00000000 00000000 00000000 ................
0x1b4eece0: 00000000 00000000 1b4eed50 000000f6 ........P.N.....
0x1b4eecf0: 00000000 00000000 f5394060 000002b3 ........`@9.....
0x1b4eed00: 02b21ccc 00000000 1fe4dae0 000002b3 ................
0x1b4eed10: 00000008 00000006 00000000 00000000 ................
0x1b4eed20: fd6b56f0 000002b3 fd9780f0 000002b3 .Vk.............
0x1b4eed30: 00000002 00000000 00000000 00000000 ................
0x1b4eed40: fd6b56f0 000002b3 fd9780f0 000002b3 .Vk.............
0x1b4eed50: fd6b56f0 000002b3 000003e8 000003e7 .Vk.............
0x1b4eed60: 00000000 00000000 fd6b56f0 000002b3 .........Vk.....
0x1b4eed70: fd9780f0 000002b3 9e170220 000002b1 ........ .......
0x1b4eed80: 00000000 00000000 887dfea0 000002b3 ..........}.....
0x1b4eed90: e8727bd0 000002b3 8f0433b8 000002b3 .{r......3......
0x1b4eeda0: 1b4eec80 000000f6 9e170220 000002b1 ..N..... .......
0x1b4eedb0: 00000001 00000000 00000000 00000000 ................
0x1b4eedc0: 1b4eee50 000000f6 3ad91fe3 000002b5 P.N........:....
0x1b4eedd0: 885bf800 000002b3 1b4ef5a0 000000f6 ..[.......N.....
0x1b4eede0: 1b4ef530 000000f6 19082050 000002b4 0.N.....P ......
0x1b4eedf0: 1b4eee50 000000f6 67a28313 000002b3 P.N........g....
0x1b4eee00: 00000000 00000000 00000001 00000000 ................
0x1b4eee10: 00000000 00000000 fffaa5db 000002b3 ................
0x1b4eee20: 9e1721f0 000002b1 1b4eedc0 000000f6 .!........N.....
0x1b4eee30: 8bc3638f 000002b3 9e170ef0 000002b1 .c..............
0x1b4eee40: 00000000 00000000 9e1721f0 000002b1 .........!......
0x1b4eee50: 1b4eef50 000000f6 8bc33e2c 000002b3 P.N.....,>......
0x1b4eee60: c3448cb6 00000000 00000000 00000000 ..D.............
0x1b4eee70: 429bd0c8 00000000 00000000 00000000 ...B............
0x1b4eee80: 00000010 00000000 8b77da80 000002b1 ..........w.....
0x1b4eee90: 9e23f0c0 000002b1 bfaa11d4 000002b1 ..#.............
0x1b4eeea0: 00000000 00000000 8b77da80 000002b1 ..........w.....
0x1b4eeeb0: 00005a28 409387e6 886b97b0 000002b3 (Z.....@..k.....
0x1b4eeec0: 8b77da80 000002b1 00005a28 000000f6 ..w.....(Z......
0x1b4eeed0: 886b97b0 000002b3 885bf800 000002b3 ..k.......[.....
0x1b4eeee0: 19082050 000002b4 8b77da80 000002b1 P ........w.....
0x1b4eeef0: 00005a28 000000f6 886b97b0 000002b3 (Z........k.....
0x1b4eef00: 00005a2d 000000f6 886b97b0 000002b3 -Z........k.....
0x1b4eef10: 00000000 00000000 00005a28 000002b1 ........(Z......
0x1b4eef20: 8bc33be0 000002b3 88d3a208 000002b3 .;..............
0x1b4eef30: 89bc3495 000002b3 9e170220 000002b1 .4...... .......
0x1b4eef40: 1b4eee50 000000f6 8bc33be0 000002b3 P.N......;......
0x1b4eef50: 1b4eefc0 000000f6 8bc3457b 000002b3 ..N.....{E......
0x1b4eef60: 1b4ef100 000000f6 89b5e6d4 000002b3 ..N.............
0x1b4eef70: 00000000 00000000 42800000 4448c000 ...........B..HD
0x1b4eef80: 00000000 00000000 00000000 40537a19 .............zS@
0x1b4eef90: 1fe46dc8 000002b3 1fe46dd0 000002b3 .m.......m......
0x1b4eefa0: 1fe46dd8 000002b3 1b4ef058 000000f6 .m......X.N.....
0x1b4eefb0: 65a6aec0 000002b3 1b4ef400 000000f6 ...e......N.....
0x1b4eefc0: 1b4ef020 000000f6 89b5eae3 000002b3  .N.............
0x1b4eefd0: 1b4ef530 000000f6 1fe77f80 000002b3 0.N.............
0x1b4eefe0: 1b4ef020 000000f6 89b5e4db 000002b3  .N.............
0x1b4eeff0: 00000000 00000000 00000000 00000000 ................
0x1b4ef000: 00000000 00000000 42800000 4448c000 ...........B..HD
0x1b4ef010: 00000000 00000000 65a6aec0 000002b3 ...........e....
0x1b4ef020: 1b4ef090 000000f6 8fa7df73 000002b3 ..N.....s.......
0x1b4ef030: 00000000 00000000 42800000 4448c000 ...........B..HD
0x1b4ef040: 00000000 00000000 42800000 4448c000 ...........B..HD
0x1b4ef050: 00000000 00000000 bf169f00 bdf3db5d ............]...
0x1b4ef060: 3f4cbe1c 000002b3 422a732f 423eadd2 ..L?..../s*B..>B
0x1b4ef070: c2af6e85 bf169f80 bdf3db5d 3f4cbe1c .n......].....L?
0x1b4ef080: 422a732f 423eadd2 65a6aec0 000002b3 /s*B..>B...e....
0x1b4ef090: 1b4ef100 000000f6 89b5d5ab 000002b3 ..N.............
0x1b4ef0a0: c2af6e85 bf169f80 bdf3db5d 3f4cbe1c .n......].....L?
0x1b4ef0b0: 422a732f 423eadd2 c2af6e85 bf169f80 /s*B..>B.n......
0x1b4ef0c0: bdf3db5d 3f4cbe1c 00000000 00000000 ].....L?........
0x1b4ef0d0: 00000000 00000000 00000000 00000000 ................
0x1b4ef0e0: 00000000 00000000 a3a0f620 00007ffb ........ .......
0x1b4ef0f0: 00000000 00000000 89b5d580 000002b3 ................
0x1b4ef100: 1b4ef190 000000f6 bfaaec30 000002b1 ..N.....0.......
0x1b4ef110: 00000000 00000000 a3a0bec9 00007ffb ................
0x1b4ef120: 1b4ef2c0 000000f6 a4205769 00007ffb ..N.....iW .....
0x1b4ef130: 1b4ef1c0 000000f6 1b4ef530 000000f6 ..N.....0.N.....
0x1b4ef140: 00000000 00000000 00000000 00000000 ................
0x1b4ef150: 00000000 00000000 00000000 00000000 ................
0x1b4ef160: 00000000 00000000 66723540 000002b3 ........@5rf....
0x1b4ef170: 1b4ef400 000000f6 66723540 000002b3 ..N.....@5rf....
0x1b4ef180: 00000000 00000000 1b4ef400 000000f6 ..........N.....
0x1b4ef190: 1b4ef1d0 000000f6 a3b1e270 00007ffb ..N.....p.......
0x1b4ef1a0: d7833385 000000f6 1b4ef400 000000f6 .3........N.....
0x1b4ef1b0: 00000000 000000f6 66723540 000002b3 ........@5rf....
0x1b4ef1c0: 1b4ef200 000000f6 a3b1e29b 00007ffb ..N.............
0x1b4ef1d0: 00000000 00000000 9e1dd9e0 000002b1 ................
0x1b4ef1e0: 65a6aec0 000002b3 1b4ef5a0 000000f6 ...e......N.....
0x1b4ef1f0: 88bbfd20 000002b3 1fe42d20 000002b3  ....... -......
0x1b4ef200: 00000000 00000000 9e1dd9e0 000002b1 ................
0x1b4ef210: 1b4ef400 000000f6 1b4ef530 000000f6 ..N.....0.N.....
0x1b4ef220: 88bbfeb0 000002b3 1fe42d20 000002b3 ........ -......
0x1b4ef230: 00000000 00000000 1fe42d20 000002b3 ........ -......
0x1b4ef240: 1b4ef430 000000f6 1b4ef590 000000f6 0.N.......N.....
0x1b4ef250: 00000000 00000000 1b4ef640 000000f6 ........@.N.....
0x1b4ef260: 88bc0590 000002b3 1fe42d20 000002b3 ........ -......
0x1b4ef270: 00000000 00000000 00000000 00000000 ................
0x1b4ef280: 1b4ef470 000000f6 1b4ef5d0 000000f6 p.N.......N.....
0x1b4ef290: 00000001 00000000 a44516c6 00007ffb ..........E.....
0x1b4ef2a0: 80010ce0 000002b2 00000000 00000000 ................
0x1b4ef2b0: 00000001 00000001 803d2b80 000002b2 .........+=.....
0x1b4ef2c0: 00000000 00000000 00000000 00000000 ................
0x1b4ef2d0: 00002000 0000243f 8022c6f0 000002b2 . ..?$....".....
0x1b4ef2e0: 1b4ef6c0 000000f6 00000000 00000000 ..N.............
0x1b4ef2f0: 00000000 00000000 00000001 00000000 ................
0x1b4ef300: 9e182a44 000002b1 00000001 00000000 D*..............
0x1b4ef310: 1b4ef510 000000f6 00000000 00000000 ..N.............
0x1b4ef320: ac6f8785 0000243f 801c9020 000002b2 ..o.?$.. .......
0x1b4ef330: 803ea108 000002b2 00000000 00000000 ..>.............
0x1b4ef340: 65a6aec0 000002b3 00000001 00000000 ...e............
0x1b4ef350: 9e182a44 000002b1 66723540 000002b3 D*......@5rf....
0x1b4ef360: 1b4ef530 000000f6 1b4ef400 000000f6 0.N.......N.....
0x1b4ef370: 1b4ef5a0 000000f6 a3aa2ae2 00007ffb ..N......*......
0x1b4ef380: 9e182a44 000002b1 66aa6008 000002b3 D*.......`.f....
0x1b4ef390: 1b4ef590 000000f6 1b4ef430 000000f6 ..N.....0.N.....
0x1b4ef3a0: 1b4ef400 000000f6 a3aa2aff 00007ffb ..N......*......
0x1b4ef3b0: 00000000 00000000 1b4ef4e0 000000f6 ..........N.....
0x1b4ef3c0: 66723540 000002b3 a3aabb3f 00007ffb @5rf....?.......
0x1b4ef3d0: 1b4ef530 000000f6 65a6aec0 000002b3 0.N........e....
0x1b4ef3e0: 1b4ef5a0 000000f6 1b4ef510 000000f6 ..N.......N.....
0x1b4ef3f0: 1b4ef400 000000f6 a3aabb72 00007ffb ..N.....r.......
0x1b4ef400: 00000000 000000f6 00000000 00000000 ................
0x1b4ef410: 1b4ef600 000000f6 00000000 00000000 ..N.............
0x1b4ef420: 1b4ef430 000000f6 1b4ef550 000000f6 0.N.....P.N.....
0x1b4ef430: 0000ffff 00000000 a3aabb72 00007ffb ........r.......
0x1b4ef440: 1b4ef5d0 000000f6 00000000 00000000 ..N.............
0x1b4ef450: 1b4ef640 000000f6 00000000 00000000 @.N.............
0x1b4ef460: 1b4ef470 000000f6 00000000 00000000 p.N.............
0x1b4ef470: 66723540 000002b3 a4a3606d 00007ffb @5rf....m`......
0x1b4ef480: 65a6aec0 000002b3 00000000 00000000 ...e............
0x1b4ef490: a3aabad0 00007ffb 00000000 00000000 ................
0x1b4ef4a0: 00000000 00000000 a4a33443 00007ffb ........C4......
0x1b4ef4b0: 00000000 00000000 1b4ef680 000000f6 ..........N.....
0x1b4ef4c0: 1b4ef530 000000f6 1b4ef540 000000f6 0.N.....@.N.....
0x1b4ef4d0: 1b4ef530 000000f6 a4a30a00 00007ffb 0.N.............
0x1b4ef4e0: 66723540 000002b3 00000000 00000000 @5rf............
0x1b4ef4f0: 66723540 000002b3 00000000 00000000 @5rf............
0x1b4ef500: 1b4ef710 000000f6 a4a1c603 00007ffb ..N.............
0x1b4ef510: 65a6aec0 000002b3 70008f20 000002b3 ...e.... ..p....
0x1b4ef520: 00000000 00000000 66723540 000002b3 ........@5rf....
0x1b4ef530: 00000000 00000000 70008f20 000002b3 ........ ..p....
0x1b4ef540: 803ea990 000002b2 1b4ef640 000000f6 ..>.....@.N.....
0x1b4ef550: 803ea6b8 000002b2 00000000 00000000 ..>.............
0x1b4ef560: 00000001 00000000 803ea6b8 000002b2 ..........>.....
0x1b4ef570: 00000000 00000000 a4a30695 00007ffb ................
0x1b4ef580: 00000000 00000000 00000000 00000000 ................
0x1b4ef590: 00000000 00000000 9e182a44 000002b1 ........D*......
0x1b4ef5a0: 00000000 00000000 00000000 00000000 ................
0x1b4ef5b0: 00000000 00000000 00000000 00000000 ................
0x1b4ef5c0: 00000000 00000000 00000000 00000000 ................
0x1b4ef5d0: 00000000 00000000 00000000 00000000 ................
0x1b4ef5e0: 00000000 00000000 00000000 00000000 ................
0x1b4ef5f0: 00000000 00000000 00000000 00000000 ................
0x1b4ef600: 803ea9f8 000002b2 00000000 00000000 ..>.............
0x1b4ef610: 00000000 00000000 00000000 00000000 ................
0x1b4ef620: 00000000 00000000 00000000 00000000 ................
0x1b4ef630: 00000000 000002b3 66723540 000002b3 ........@5rf....
0x1b4ef640: 65a6aec0 000002b3 00000000 00000000 ...e............
0x1b4ef650: 00004e66 00000000 00000000 00000000 fN..............
0x1b4ef660: 00000000 00000000 a49d0101 00007ffb ................
0x1b4ef670: 70008f20 000002b3 a4a1c6bd 00007ffb  ..p............
0x1b4ef680: 65a6aec0 000002b3 40066310 000002b2 ...e.....c.@....
0x1b4ef690: 3130e10d 00000029 00000000 00000000 ..01)...........
0x1b4ef6a0: 00000000 00000000 a47a8110 00007ffb ..........z.....
0x1b4ef6b0: 65a6aec0 000002b3 40066310 000002b2 ...e.....c.@....
0x1b4ef6c0: 65a6aec0 000002b3 400a3f50 000002b2 ...e....P?.@....
0x1b4ef6d0: 3000c340 000002b3 3000c300 000002b3 @..0.......0....
0x1b4ef6e0: 00000000 00000000 1b4ef6e8 000000f6 ..........N.....
0x1b4ef6f0: 1b4ef6e8 000000f6 40016800 000002b2 ..N......h.@....
0x1b4ef700: 70008fa0 000002b3 00000007 00000000 ...p............
0x1b4ef710: 00000000 00000000 a48f63c7 00007ffb .........c......
0x1b4ef720: 803eaac8 000002b2 803eab30 000002b2 ..>.....0.>.....
0x1b4ef730: 00000000 00000000 00000000 000002b2 ................
0x1b4ef740: 00000000 00000000 00000000 00000000 ................
0x1b4ef750: 1b4ef7b0 000000f6 00000200 00000000 ..N.............
0x1b4ef760: 00000000 00000000 1b4ef890 000000f6 ..........N.....
0x1b4ef770: 00000000 00000000 a3aabb72 00007ffb ........r.......
0x1b4ef780: 1b4ef910 000000f6 00000000 00000000 ..N.............
0x1b4ef790: 650e3068 000002b3 a4a3607d 00007ffb h0.e....}`......
0x1b4ef7a0: 00000000 00000000 00000000 00000000 ................
0x1b4ef7b0: a3aabad0 00007ffb 01140040 00000000 ........@.......
0x1b4ef7c0: 00000000 00000000 a4a33453 00007ffb ........S4......
0x1b4ef7d0: 00000000 00000000 1b4ef878 000000f6 ........x.N.....
0x1b4ef7e0: 1b4ef880 000000f6 1b4ef890 000000f6 ..N.......N.....
0x1b4ef7f0: 1b4ef880 000000f6 a4a2da00 00007ffb ..N.............
0x1b4ef800: 00000000 00000000 a46b8f3c 00007ffb ........<.k.....
0x1b4ef810: 1b4efa00 000000f6 00000000 00000000 ..N.............
0x1b4ef820: 00000000 00000000 a4a30695 00007ffb ................
0x1b4ef830: 00000000 00000000 00000000 00000000 ................
0x1b4ef840: 00000000 00000000 00000000 00000000 ................
0x1b4ef850: 1b4efa00 000000f6 a41f35c4 00007ffb ..N......5......
0x1b4ef860: 00000000 00000000 00000000 00000000 ................
0x1b4ef870: 1b4ef910 000000f6 00000000 00000000 ..N.............
0x1b4ef880: 00000000 00000000 650e3068 000002b3 ........h0.e....
0x1b4ef890: 00000001 00000000 00000000 00000000 ................
0x1b4ef8a0: 0000003e 00000000 803e9130 000002b2 >.......0.>.....
0x1b4ef8b0: 00000000 00000000 a48f6463 00007ffb ........cd......
0x1b4ef8c0: 00000000 00000000 00000000 00000000 ................
0x1b4ef8d0: 803eaac8 000002b2 80000012 00000000 ..>.............
0x1b4ef8e0: 1b4efae0 000000f6 a41f35c4 00007ffb ..N......5......
0x1b4ef8f0: 1b4ef890 000000f6 00000000 00000000 ..N.............
0x1b4ef900: 00000000 00000000 00000000 00000000 ................
0x1b4ef910: 00000000 00000000 00000000 00000000 ................
0x1b4ef920: 00000000 00000000 00000000 00000000 ................
0x1b4ef930: 00000000 00000000 00000000 00000000 ................
0x1b4ef940: 00000000 00000000 00000000 00000000 ................
0x1b4ef950: 00000001 00000000 1b000000 000000f6 ................
0x1b4ef960: 1b4efa39 000000f6 805fcf20 000002b2 9.N..... ._.....
0x1b4ef970: 00000000 00000000 a4692346 00007ffb ........F#i.....
0x1b4ef980: 00000001 000000f6 650e3068 000002b3 ........h0.e....
0x1b4ef990: 00000000 00000000 00000000 00000000 ................
0x1b4ef9a0: 00000000 00000000 00000000 00000000 ................
0x1b4ef9b0: 00000000 00000000 00000101 00000000 ................
0x1b4ef9c0: a00aa480 000002b2 a46b1ddf 00007ffb ..........k.....
0x1b4ef9d0: 40098ce0 000002b2 00000000 00000000 ...@............
0x1b4ef9e0: 00000001 00000000 ffffffff ffffffff ................
0x1b4ef9f0: 00000000 00000000 a46b1810 00007ffb ..........k.....
0x1b4efa00: 00000001 00007ffc 001e019c 00000000 ................
0x1b4efa10: 00000001 00000000 650e3068 000002b3 ........h0.e....
0x1b4efa20: 00000000 00000000 a46b2d84 00007ffb .........-k.....
0x1b4efa30: a00aa480 000002b2 00000000 00000000 ................
0x1b4efa40: 00000000 00000000 00000000 00000000 ................
0x1b4efa50: 00000000 00000000 a48f88bc 00007ffb ................
0x1b4efa60: 0000074c 00000000 9e182a44 000002b1 L.......D*......
0x1b4efa70: 0000074c 00000000 00000001 00000000 L...............
0x1b4efa80: 805fcf20 000002b2 0000074c 00000000  ._.....L.......
0x1b4efa90: 00000000 00000000 a469257e 00007ffb ........~%i.....
0x1b4efaa0: 00000438 00000780 00000000 00000000 8...............
0x1b4efab0: 00000040 00000114 42800000 4448c000 @..........B..HD
0x1b4efac0: 00000001 00000000 00000000 00007ffb ................
0x1b4efad0: 00000000 00000000 a46a751e 00007ffb .........uj.....
0x1b4efae0: 00000001 00000000 00000000 00000000 ................
0x1b4efaf0: 00000001 00000000 9e182a44 000002b1 ........D*......
0x1b4efb00: 00000000 00000000 a46a627a 00007ffb ........zbj.....
0x1b4efb10: 0000074c 00000000 00000000 00000000 L...............
0x1b4efb20: 00000000 00000000 00000000 00000000 ................
0x1b4efb30: 00000001 00000000 00000000 00000000 ................
0x1b4efb40: 001e019c 00000000 00000200 00000000 ................
0x1b4efb50: 00000000 00000000 01140040 00000000 ........@.......
0x1b4efb60: 010cd048 00000040 00000114 00000000 H...@...........
0x1b4efb70: ffffff00 ffffffff a46aa32c 00007ffb ........,.j.....
0x1b4efb80: 00000001 00000000 00000000 00000000 ................
0x1b4efb90: 00000000 00000000 00000000 00000000 ................
0x1b4efba0: 000001f5 00000000 000001f6 00000000 ................
0x1b4efbb0: 0000001d 00000000 00000000 00000000 ................
0x1b4efbc0: 00000000 00000000 00000000 00000000 ................
0x1b4efbd0: 00000000 00000000 00000000 00000000 ................
0x1b4efbe0: 00000000 00000000 65726170 5748746e ........parentHW
0x1b4efbf0: 7700444e 00006265 0000000a 00000000 ND.web..........
0x1b4efc00: 00000049 00000000 65a67f00 000002b3 I..........e....
0x1b4efc10: 00000013 00000000 00000000 00000000 ................
0x1b4efc20: 00000013 00000000 00000049 00000000 ........I.......
0x1b4efc30: 00000000 00000000 65646968 646e6957 ........hideWind
0x1b4efc40: 0000776f 00000000 0000000a 00000000 ow..............
0x1b4efc50: 00000049 00000000 a0000490 000002b1 I...............
0x1b4efc60: 0000001e 00000000 00000000 00000000 ................
0x1b4efc70: 0000001e 00000000 00000049 00000000 ........I.......
0x1b4efc80: 00000000 00000000 6564754c 53206e6f ........Ludeon S
0x1b4efc90: 69647574 0000736f 0000000e 00000000 tudios..........
0x1b4efca0: 00000049 00000000 4001f510 000002b2 I..........@....
0x1b4efcb0: 00000032 00000000 00000000 00000000 2...............
0x1b4efcc0: 00000032 00000000 00000049 00000000 2.......I.......
0x1b4efcd0: 00000000 00000000 00000000 00000000 ................
0x1b4efce0: 00000000 00000000 00000000 00000000 ................
0x1b4efcf0: 00000000 00000000 00000000 00000000 ................
0x1b4efd00: 00000000 00000000 00000000 00000000 ................
0x1b4efd10: 00000000 00000000 00000000 00000000 ................
0x1b4efd20: ec771844 00007ff7 00000000 00000000 D.w.............
0x1b4efd30: 00000000 00000000 00000000 00000000 ................
0x1b4efd40: 00000002 00000000 00000000 00000000 ................
0x1b4efd50: a467f2a0 00007ffb 00000001 00000000 ..g.............
0x1b4efd60: a467f450 00007ffb a467f300 00007ffb P.g.......g.....
0x1b4efd70: 00000002 00000000 a467f150 00007ffb ........P.g.....
0x1b4efd80: a46a3d40 00007ffb 9e140000 000002b1 @=j.............
0x1b4efd90: 9e141000 000002b1 00003000 00000000 .........0......
0x1b4efda0: 00001000 00000000 00000228 00000000 ........(.......
0x1b4efdb0: 0000020c 00000000 00000210 00000000 ................
0x1b4efdc0: 00000214 00000000 00000220 00000000 ........ .......
0x1b4efdd0: 0000021c 00000000 ffffffff ffffffff ................
0x1b4efde0: ffffffff 00000000 00000000 00000000 ................
0x1b4efdf0: 00000000 00000000 000000c8 00000000 ................
0x1b4efe00: 000028e4 00430022 005c003a 00720050 .(..".C.:.\.P.r.
0x1b4efe10: 0067006f 00610072 0020006d 00690046 o.g.r.a.m. .F.i.
0x1b4efe20: 0065006c 00200073 00780028 00360038 l.e.s. .(.x.8.6.
0x1b4efe30: 005c0029 00690052 0057006d 0072006f ).\.R.i.m.W.o.r.
0x1b4efe40: 0064006c 0055005c 0069006e 00790074 l.d.\.U.n.i.t.y.
0x1b4efe50: 00720043 00730061 00480068 006e0061 C.r.a.s.h.H.a.n.
0x1b4efe60: 006c0064 00720065 00340036 0065002e d.l.e.r.6.4...e.
0x1b4efe70: 00650078 00200022 002d002d 00740061 x.e.". .-.-.a.t.
0x1b4efe80: 00610074 00680063 00380020 00360032 t.a.c.h. .8.2.6.
0x1b4efe90: 00200034 00390032 00310036 00380038 4. .2.9.6.1.8.8.
0x1b4efea0: 00350034 00310038 00380038 00000038 4.5.8.1.8.8.8...
0x1b4efeb0: 00000000 00000000 00000000 00000000 ................
0x1b4efec0: 00000000 00000000 00000000 00000000 ................
0x1b4efed0: 00000000 00000000 00000000 00000000 ................
0x1b4efee0: 00000000 00000000 00000000 00000000 ................
0x1b4efef0: 00000000 00000000 00000000 00000000 ................
0x1b4eff00: 00000000 00000000 00000000 00000000 ................
0x1b4eff10: 00000000 00000000 00000000 00000000 ................
0x1b4eff20: 00000000 00000000 00000000 00000000 ................
0x1b4eff30: 00000000 00000000 00000000 00000000 ................
0x1b4eff40: 00000000 00000000 00000000 00000000 ................
0x1b4eff50: 00000000 00000000 00000000 00000000 ................
0x1b4eff60: 00000000 00000000 00000000 00000000 ................
0x1b4eff70: 00000000 00000000 00000000 00000000 ................
0x1b4eff80: 00000000 00000000 00000000 00000000 ................
0x1b4eff90: 00000000 00000000 00000000 00000000 ................
0x1b4effa0: 00000000 00000000 00000000 00000000 ................
0x1b4effb0: 00000000 00000000 00000000 00000000 ................
0x1b4effc0: 00000000 00000000 00000000 00000000 ................
0x1b4effd0: 00000000 00000000 00000000 00000000 ................
0x1b4effe0: 00000000 00000000 00000000 00000000 ................
0x1b4efff0: 00000000 00000000 00000000 00000000 ................
0x1b4f0000: 00000000 00000000 00000000 00000000 ................
0x1b4f0010: 00000000 00000000 00000000 00000000 ................
0x1b4f0020: 00000000 00000000 00000000 00000000 ................
0x1b4f0030: 00000000 00000000 00000000 00000000 ................
0x1b4f0040: 00000000 00000000 00000000 00000000 ................
0x1b4f0050: 00000000 00000000 00000000 00000000 ................
0x1b4f0060: 00000000 00000000 00000000 00000000 ................
0x1b4f0070: 00000000 00000000 00000000 00000000 ................
0x1b4f0080: 00000000 00000000 00000000 00000000 ................
0x1b4f0090: 00000000 00000000 00000000 00000000 ................
0x1b4f00a0: 00000000 00000000 00000000 00000000 ................
0x1b4f00b0: 00000000 00000000 00000000 00000000 ................
0x1b4f00c0: 00000000 00000000 00000000 00000000 ................
0x1b4f00d0: 00000000 00000000 00000000 00000000 ................
0x1b4f00e0: 00000000 00000000 00000000 00000000 ................
0x1b4f00f0: 00000000 00000000 00000000 00000000 ................
0x1b4f0100: 00000000 00000000 00000000 00000000 ................
0x1b4f0110: 00000000 00000000 00000000 00000000 ................
0x1b4f0120: 00000000 00000000 00000000 00000000 ................
0x1b4f0130: 00000000 00000000 00000000 00000000 ................
0x1b4f0140: 00000000 00000000 00000000 00000000 ................
0x1b4f0150: 00000000 00000000 00000000 00000000 ................
0x1b4f0160: 00000000 00000000 00000000 00000000 ................
0x1b4f0170: 00000000 00000000 00000000 00000000 ................
0x1b4f0180: 00000000 00000000 00000000 00000000 ................
0x1b4f0190: 00000000 00000000 00000000 00000000 ................

Module 1
C:\Windows\SYSTEM32\xinput1_3.dll
Image Base: 0x00400000  Image Size: 0x0001e000
File Size:  107368      File Time:  2007-04-04_195422
Version:
   Company:    Microsoft Corporation
   Product:    Microsoft® DirectX for Windows®
   FileDesc:   Microsoft Common Controller API
   FileVer:    9.18.944.0
   ProdVer:    9.18.944.0

Module 2
C:\Program Files\Bonjour\mdnsNSP.dll
Image Base: 0x5ef00000  Image Size: 0x00026000
File Size:  133392      File Time:  2015-08-12_170342
Version:
   Company:    Apple Inc.
   Product:    Bonjour
   FileDesc:   Bonjour Namespace Provider
   FileVer:    3.1.0.1
   ProdVer:    3.1.0.1

Crash Report configuration:
 * App Name: RimWorld by Ludeon Studios
 * App Version: Unity 2019.4.30f1_e8c891080a1f
 * Mono DLL: C:\Program Files (x86)\RimWorld\MonoBleedingEdge\EmbedRuntime\mono-2.0-bdwgc.dll
 * Bug Reporter App Path: 
 * Crash Report Path: C:\Users\DELL\AppData\Local\Temp\Ludeon Studios\RimWorld by Ludeon Studios\Crashes
 * Is Editor: false

Crash Report metadata:

Additional report files:
 * "C:\Users\DELL\AppData\LocalLow\Ludeon Studios\RimWorld by Ludeon Studios\Player.log" (Output log file)



== [end of error.log] ==
